<?xml version="1.0" encoding="UTF-8"?>
<testng-results skipped="0" failed="0" ignored="0" total="3" passed="3">
  <reporter-output>
  </reporter-output>
  <suite name="Suite" duration-ms="19990" started-at="2020-06-26T17:30:43Z" finished-at="2020-06-26T17:31:03Z">
    <groups>
    </groups>
    <test name="Test" duration-ms="19990" started-at="2020-06-26T17:30:43Z" finished-at="2020-06-26T17:31:03Z">
      <class name="com.Testcases.Testcase3">
        <test-method status="PASS" signature="tc1()[pri:0, instance:com.Testcases.Testcase3@553f17c]" name="tc1" duration-ms="19915" started-at="2020-06-26T18:30:43Z" finished-at="2020-06-26T18:31:02Z">
          <reporter-output>
          </reporter-output>
        </test-method> <!-- tc1 -->
      </class> <!-- com.Testcases.Testcase3 -->
      <class name="com.Testcases.Testcase2">
        <test-method status="PASS" signature="tc1()[pri:0, instance:com.Testcases.Testcase2@5f341870]" name="tc1" duration-ms="19915" started-at="2020-06-26T18:30:43Z" finished-at="2020-06-26T18:31:02Z">
          <reporter-output>
          </reporter-output>
        </test-method> <!-- tc1 -->
      </class> <!-- com.Testcases.Testcase2 -->
      <class name="com.Testcases.Testcase1">
        <test-method status="PASS" signature="tc1()[pri:0, instance:com.Testcases.Testcase1@598067a5]" name="tc1" duration-ms="19964" started-at="2020-06-26T18:30:43Z" finished-at="2020-06-26T18:31:03Z">
          <reporter-output>
          </reporter-output>
        </test-method> <!-- tc1 -->
      </class> <!-- com.Testcases.Testcase1 -->
    </test> <!-- Test -->
  </suite> <!-- Suite -->
</testng-results>
